[09-Feb-2024 22:40:45 UTC] PHP Warning:  Undefined variable $qsid in C:\Users\PC\Local Sites\planty\app\public\wp-content\plugins\child-theme-configurator\includes\classes\CSS.php on line 958
[09-Feb-2024 22:40:45 UTC] PHP Warning:  Undefined variable $qsid in C:\Users\PC\Local Sites\planty\app\public\wp-content\plugins\child-theme-configurator\includes\classes\CSS.php on line 960
[09-Feb-2024 22:40:45 UTC] PHP Warning:  Undefined variable $qsid in C:\Users\PC\Local Sites\planty\app\public\wp-content\plugins\child-theme-configurator\includes\classes\CSS.php on line 967
[09-Feb-2024 22:40:45 UTC] PHP Warning:  Undefined variable $qsid in C:\Users\PC\Local Sites\planty\app\public\wp-content\plugins\child-theme-configurator\includes\classes\CSS.php on line 968
[09-Feb-2024 22:40:45 UTC] PHP Warning:  Undefined variable $qsid in C:\Users\PC\Local Sites\planty\app\public\wp-content\plugins\child-theme-configurator\includes\classes\CSS.php on line 971
[02-Mar-2024 21:47:53 UTC] PHP Warning:  Undefined variable $qsid in C:\Users\PC\Local Sites\planty\app\public\wp-content\plugins\child-theme-configurator\includes\classes\CSS.php on line 958
[02-Mar-2024 21:47:53 UTC] PHP Warning:  Undefined variable $qsid in C:\Users\PC\Local Sites\planty\app\public\wp-content\plugins\child-theme-configurator\includes\classes\CSS.php on line 960
[02-Mar-2024 21:47:53 UTC] PHP Warning:  Undefined variable $qsid in C:\Users\PC\Local Sites\planty\app\public\wp-content\plugins\child-theme-configurator\includes\classes\CSS.php on line 967
[02-Mar-2024 21:47:53 UTC] PHP Warning:  Undefined variable $qsid in C:\Users\PC\Local Sites\planty\app\public\wp-content\plugins\child-theme-configurator\includes\classes\CSS.php on line 968
[02-Mar-2024 21:47:53 UTC] PHP Warning:  Undefined variable $qsid in C:\Users\PC\Local Sites\planty\app\public\wp-content\plugins\child-theme-configurator\includes\classes\CSS.php on line 971
[07-Mar-2024 17:00:44 UTC] Sync process for Gutenberg Blocks has started.
[07-Mar-2024 17:00:44 UTC] CATEGORY: Storing in option ast-block-templates-categories
[07-Mar-2024 17:00:44 UTC] BLOCK: Requests count 8
[07-Mar-2024 17:00:44 UTC] BLOCK: Importing request 1 ..
[07-Mar-2024 17:00:44 UTC] BLOCK: https://websitedemos.net/wp-json/astra-blocks/v2/blocks/?page_builder=gutenberg&per_page=30&page=1&wireframe=yes
[07-Mar-2024 17:00:44 UTC] BLOCK: Storing in option ast-block-templates-blocks-1
[07-Mar-2024 17:00:45 UTC] BLOCK: Completed request 1
[07-Mar-2024 17:00:45 UTC] BLOCK: Importing request 2 ..
[07-Mar-2024 17:00:45 UTC] BLOCK: https://websitedemos.net/wp-json/astra-blocks/v2/blocks/?page_builder=gutenberg&per_page=30&page=2&wireframe=yes
[07-Mar-2024 17:00:45 UTC] BLOCK: Storing in option ast-block-templates-blocks-2
[07-Mar-2024 17:00:46 UTC] BLOCK: Completed request 2
[07-Mar-2024 17:00:46 UTC] BLOCK: Importing request 3 ..
[07-Mar-2024 17:00:46 UTC] BLOCK: https://websitedemos.net/wp-json/astra-blocks/v2/blocks/?page_builder=gutenberg&per_page=30&page=3&wireframe=yes
[07-Mar-2024 17:00:46 UTC] BLOCK: Storing in option ast-block-templates-blocks-3
[07-Mar-2024 17:00:47 UTC] BLOCK: Completed request 3
[07-Mar-2024 17:00:47 UTC] BLOCK: Importing request 4 ..
[07-Mar-2024 17:00:47 UTC] BLOCK: https://websitedemos.net/wp-json/astra-blocks/v2/blocks/?page_builder=gutenberg&per_page=30&page=4&wireframe=yes
[07-Mar-2024 17:00:47 UTC] BLOCK: Storing in option ast-block-templates-blocks-4
[07-Mar-2024 17:00:47 UTC] BLOCK: Completed request 4
[07-Mar-2024 17:00:47 UTC] BLOCK: Importing request 5 ..
[07-Mar-2024 17:00:47 UTC] BLOCK: https://websitedemos.net/wp-json/astra-blocks/v2/blocks/?page_builder=gutenberg&per_page=30&page=5&wireframe=yes
[07-Mar-2024 17:00:47 UTC] BLOCK: Storing in option ast-block-templates-blocks-5
[07-Mar-2024 17:00:47 UTC] BLOCK: Completed request 5
[07-Mar-2024 17:00:47 UTC] BLOCK: Importing request 6 ..
[07-Mar-2024 17:00:47 UTC] BLOCK: https://websitedemos.net/wp-json/astra-blocks/v2/blocks/?page_builder=gutenberg&per_page=30&page=6&wireframe=yes
[07-Mar-2024 17:00:47 UTC] BLOCK: Storing in option ast-block-templates-blocks-6
[07-Mar-2024 17:00:48 UTC] BLOCK: Completed request 6
[07-Mar-2024 17:00:48 UTC] BLOCK: Importing request 7 ..
[07-Mar-2024 17:00:48 UTC] BLOCK: https://websitedemos.net/wp-json/astra-blocks/v2/blocks/?page_builder=gutenberg&per_page=30&page=7&wireframe=yes
[07-Mar-2024 17:00:48 UTC] BLOCK: Storing in option ast-block-templates-blocks-7
[07-Mar-2024 17:00:48 UTC] BLOCK: Completed request 7
[07-Mar-2024 17:00:48 UTC] BLOCK: Importing request 8 ..
[07-Mar-2024 17:00:48 UTC] BLOCK: https://websitedemos.net/wp-json/astra-blocks/v2/blocks/?page_builder=gutenberg&per_page=30&page=8&wireframe=yes
[07-Mar-2024 17:00:48 UTC] BLOCK: Storing in option ast-block-templates-blocks-8
[07-Mar-2024 17:00:48 UTC] BLOCK: Completed request 8
[07-Mar-2024 17:00:48 UTC] SITE: Getting Total Sites
[07-Mar-2024 17:00:48 UTC] SITE: https://websitedemos.net/wp-json/astra-sites/v1/get-total-pages/?page_builder=gutenberg&per_page=30
[07-Mar-2024 17:00:48 UTC] SITE: Request count 10
[07-Mar-2024 17:00:48 UTC] SITE: Importing request 1 ..
[07-Mar-2024 17:00:48 UTC] SITE: https://websitedemos.net/wp-json/astra-sites/v1/sites-and-pages/?per_page=30&page=1&page-builder=gutenberg
[07-Mar-2024 17:00:48 UTC] SITE: Storing in option ast-block-templates-sites-1
[07-Mar-2024 17:00:48 UTC] SITE: Completed request 1
[07-Mar-2024 17:00:48 UTC] SITE: Importing request 2 ..
[07-Mar-2024 17:00:48 UTC] SITE: https://websitedemos.net/wp-json/astra-sites/v1/sites-and-pages/?per_page=30&page=2&page-builder=gutenberg
[07-Mar-2024 17:00:48 UTC] SITE: Storing in option ast-block-templates-sites-2
[07-Mar-2024 17:00:48 UTC] SITE: Completed request 2
[07-Mar-2024 17:00:48 UTC] SITE: Importing request 3 ..
[07-Mar-2024 17:00:48 UTC] SITE: https://websitedemos.net/wp-json/astra-sites/v1/sites-and-pages/?per_page=30&page=3&page-builder=gutenberg
[07-Mar-2024 17:00:48 UTC] SITE: Storing in option ast-block-templates-sites-3
[07-Mar-2024 17:00:48 UTC] SITE: Completed request 3
[07-Mar-2024 17:00:48 UTC] SITE: Importing request 4 ..
[07-Mar-2024 17:00:48 UTC] SITE: https://websitedemos.net/wp-json/astra-sites/v1/sites-and-pages/?per_page=30&page=4&page-builder=gutenberg
[07-Mar-2024 17:00:49 UTC] SITE: Storing in option ast-block-templates-sites-4
[07-Mar-2024 17:00:49 UTC] SITE: Completed request 4
[07-Mar-2024 17:00:49 UTC] SITE: Importing request 5 ..
[07-Mar-2024 17:00:49 UTC] SITE: https://websitedemos.net/wp-json/astra-sites/v1/sites-and-pages/?per_page=30&page=5&page-builder=gutenberg
[07-Mar-2024 17:00:49 UTC] SITE: Storing in option ast-block-templates-sites-5
[07-Mar-2024 17:00:49 UTC] SITE: Completed request 5
[07-Mar-2024 17:00:49 UTC] SITE: Importing request 6 ..
[07-Mar-2024 17:00:49 UTC] SITE: https://websitedemos.net/wp-json/astra-sites/v1/sites-and-pages/?per_page=30&page=6&page-builder=gutenberg
[07-Mar-2024 17:00:49 UTC] SITE: Storing in option ast-block-templates-sites-6
[07-Mar-2024 17:00:49 UTC] SITE: Completed request 6
[07-Mar-2024 17:00:49 UTC] SITE: Importing request 7 ..
[07-Mar-2024 17:00:49 UTC] SITE: https://websitedemos.net/wp-json/astra-sites/v1/sites-and-pages/?per_page=30&page=7&page-builder=gutenberg
[07-Mar-2024 17:00:49 UTC] SITE: Storing in option ast-block-templates-sites-7
[07-Mar-2024 17:00:49 UTC] SITE: Completed request 7
[07-Mar-2024 17:00:49 UTC] SITE: Importing request 8 ..
[07-Mar-2024 17:00:49 UTC] SITE: https://websitedemos.net/wp-json/astra-sites/v1/sites-and-pages/?per_page=30&page=8&page-builder=gutenberg
[07-Mar-2024 17:00:49 UTC] SITE: Storing in option ast-block-templates-sites-8
[07-Mar-2024 17:00:49 UTC] SITE: Completed request 8
[07-Mar-2024 17:00:49 UTC] SITE: Importing request 9 ..
[07-Mar-2024 17:00:49 UTC] SITE: https://websitedemos.net/wp-json/astra-sites/v1/sites-and-pages/?per_page=30&page=9&page-builder=gutenberg
[07-Mar-2024 17:00:49 UTC] SITE: Storing in option ast-block-templates-sites-9
[07-Mar-2024 17:00:49 UTC] SITE: Completed request 9
[07-Mar-2024 17:00:49 UTC] SITE: Importing request 10 ..
[07-Mar-2024 17:00:49 UTC] SITE: https://websitedemos.net/wp-json/astra-sites/v1/sites-and-pages/?per_page=30&page=10&page-builder=gutenberg
[07-Mar-2024 17:00:49 UTC] SITE: Storing in option ast-block-templates-sites-10
[07-Mar-2024 17:00:49 UTC] SITE: Completed request 10
[07-Mar-2024 17:00:49 UTC] Sync process for Gutenberg Blocks is done.
[07-Mar-2024 17:00:49 UTC] BLOCK: Getting Server Custimizer CSS
[07-Mar-2024 17:00:49 UTC] BLOCK: https://websitedemos.net/wp-json/astra-blocks/v2/get-customizer-css
[14-Mar-2024 00:24:14 UTC] Sync process for Gutenberg Blocks has started.
[14-Mar-2024 00:24:14 UTC] CATEGORY: Storing in option ast-block-templates-categories
[14-Mar-2024 00:24:14 UTC] BLOCK: Requests count 8
[14-Mar-2024 00:24:14 UTC] BLOCK: Importing request 1 ..
[14-Mar-2024 00:24:14 UTC] BLOCK: https://websitedemos.net/wp-json/astra-blocks/v2/blocks/?page_builder=gutenberg&per_page=30&page=1&wireframe=yes
[14-Mar-2024 00:24:14 UTC] BLOCK: Storing in option ast-block-templates-blocks-1
[14-Mar-2024 00:24:15 UTC] BLOCK: Completed request 1
[14-Mar-2024 00:24:15 UTC] BLOCK: Importing request 2 ..
[14-Mar-2024 00:24:15 UTC] BLOCK: https://websitedemos.net/wp-json/astra-blocks/v2/blocks/?page_builder=gutenberg&per_page=30&page=2&wireframe=yes
[14-Mar-2024 00:24:15 UTC] BLOCK: Storing in option ast-block-templates-blocks-2
[14-Mar-2024 00:24:16 UTC] BLOCK: Completed request 2
[14-Mar-2024 00:24:16 UTC] BLOCK: Importing request 3 ..
[14-Mar-2024 00:24:16 UTC] BLOCK: https://websitedemos.net/wp-json/astra-blocks/v2/blocks/?page_builder=gutenberg&per_page=30&page=3&wireframe=yes
[14-Mar-2024 00:24:16 UTC] BLOCK: Storing in option ast-block-templates-blocks-3
[14-Mar-2024 00:24:16 UTC] BLOCK: Completed request 3
[14-Mar-2024 00:24:16 UTC] BLOCK: Importing request 4 ..
[14-Mar-2024 00:24:16 UTC] BLOCK: https://websitedemos.net/wp-json/astra-blocks/v2/blocks/?page_builder=gutenberg&per_page=30&page=4&wireframe=yes
[14-Mar-2024 00:24:16 UTC] BLOCK: Storing in option ast-block-templates-blocks-4
[14-Mar-2024 00:24:17 UTC] BLOCK: Completed request 4
[14-Mar-2024 00:24:17 UTC] BLOCK: Importing request 5 ..
[14-Mar-2024 00:24:17 UTC] BLOCK: https://websitedemos.net/wp-json/astra-blocks/v2/blocks/?page_builder=gutenberg&per_page=30&page=5&wireframe=yes
[14-Mar-2024 00:24:17 UTC] BLOCK: Storing in option ast-block-templates-blocks-5
[14-Mar-2024 00:24:17 UTC] BLOCK: Completed request 5
[14-Mar-2024 00:24:17 UTC] BLOCK: Importing request 6 ..
[14-Mar-2024 00:24:17 UTC] BLOCK: https://websitedemos.net/wp-json/astra-blocks/v2/blocks/?page_builder=gutenberg&per_page=30&page=6&wireframe=yes
[14-Mar-2024 00:24:17 UTC] BLOCK: Storing in option ast-block-templates-blocks-6
[14-Mar-2024 00:24:17 UTC] BLOCK: Completed request 6
[14-Mar-2024 00:24:17 UTC] BLOCK: Importing request 7 ..
[14-Mar-2024 00:24:17 UTC] BLOCK: https://websitedemos.net/wp-json/astra-blocks/v2/blocks/?page_builder=gutenberg&per_page=30&page=7&wireframe=yes
[14-Mar-2024 00:24:17 UTC] BLOCK: Storing in option ast-block-templates-blocks-7
[14-Mar-2024 00:24:17 UTC] BLOCK: Completed request 7
[14-Mar-2024 00:24:17 UTC] BLOCK: Importing request 8 ..
[14-Mar-2024 00:24:17 UTC] BLOCK: https://websitedemos.net/wp-json/astra-blocks/v2/blocks/?page_builder=gutenberg&per_page=30&page=8&wireframe=yes
[14-Mar-2024 00:24:18 UTC] BLOCK: Storing in option ast-block-templates-blocks-8
[14-Mar-2024 00:24:18 UTC] BLOCK: Completed request 8
[14-Mar-2024 00:24:18 UTC] SITE: Getting Total Sites
[14-Mar-2024 00:24:18 UTC] SITE: https://websitedemos.net/wp-json/astra-sites/v1/get-total-pages/?page_builder=gutenberg&per_page=30
[14-Mar-2024 00:24:18 UTC] SITE: Request count 10
[14-Mar-2024 00:24:18 UTC] SITE: Importing request 1 ..
[14-Mar-2024 00:24:18 UTC] SITE: https://websitedemos.net/wp-json/astra-sites/v1/sites-and-pages/?per_page=30&page=1&page-builder=gutenberg
[14-Mar-2024 00:24:18 UTC] SITE: Storing in option ast-block-templates-sites-1
[14-Mar-2024 00:24:18 UTC] SITE: Completed request 1
[14-Mar-2024 00:24:18 UTC] SITE: Importing request 2 ..
[14-Mar-2024 00:24:18 UTC] SITE: https://websitedemos.net/wp-json/astra-sites/v1/sites-and-pages/?per_page=30&page=2&page-builder=gutenberg
[14-Mar-2024 00:24:18 UTC] SITE: Storing in option ast-block-templates-sites-2
[14-Mar-2024 00:24:18 UTC] SITE: Completed request 2
[14-Mar-2024 00:24:18 UTC] SITE: Importing request 3 ..
[14-Mar-2024 00:24:18 UTC] SITE: https://websitedemos.net/wp-json/astra-sites/v1/sites-and-pages/?per_page=30&page=3&page-builder=gutenberg
[14-Mar-2024 00:24:18 UTC] SITE: Storing in option ast-block-templates-sites-3
[14-Mar-2024 00:24:18 UTC] SITE: Completed request 3
[14-Mar-2024 00:24:18 UTC] SITE: Importing request 4 ..
[14-Mar-2024 00:24:18 UTC] SITE: https://websitedemos.net/wp-json/astra-sites/v1/sites-and-pages/?per_page=30&page=4&page-builder=gutenberg
[14-Mar-2024 00:24:18 UTC] SITE: Storing in option ast-block-templates-sites-4
[14-Mar-2024 00:24:18 UTC] SITE: Completed request 4
[14-Mar-2024 00:24:18 UTC] SITE: Importing request 5 ..
[14-Mar-2024 00:24:18 UTC] SITE: https://websitedemos.net/wp-json/astra-sites/v1/sites-and-pages/?per_page=30&page=5&page-builder=gutenberg
[14-Mar-2024 00:24:18 UTC] SITE: Storing in option ast-block-templates-sites-5
[14-Mar-2024 00:24:18 UTC] SITE: Completed request 5
[14-Mar-2024 00:24:18 UTC] SITE: Importing request 6 ..
[14-Mar-2024 00:24:18 UTC] SITE: https://websitedemos.net/wp-json/astra-sites/v1/sites-and-pages/?per_page=30&page=6&page-builder=gutenberg
[14-Mar-2024 00:24:18 UTC] SITE: Storing in option ast-block-templates-sites-6
[14-Mar-2024 00:24:18 UTC] SITE: Completed request 6
[14-Mar-2024 00:24:18 UTC] SITE: Importing request 7 ..
[14-Mar-2024 00:24:18 UTC] SITE: https://websitedemos.net/wp-json/astra-sites/v1/sites-and-pages/?per_page=30&page=7&page-builder=gutenberg
[14-Mar-2024 00:24:18 UTC] SITE: Storing in option ast-block-templates-sites-7
[14-Mar-2024 00:24:18 UTC] SITE: Completed request 7
[14-Mar-2024 00:24:18 UTC] SITE: Importing request 8 ..
[14-Mar-2024 00:24:18 UTC] SITE: https://websitedemos.net/wp-json/astra-sites/v1/sites-and-pages/?per_page=30&page=8&page-builder=gutenberg
[14-Mar-2024 00:24:19 UTC] SITE: Storing in option ast-block-templates-sites-8
[14-Mar-2024 00:24:19 UTC] SITE: Completed request 8
[14-Mar-2024 00:24:19 UTC] SITE: Importing request 9 ..
[14-Mar-2024 00:24:19 UTC] SITE: https://websitedemos.net/wp-json/astra-sites/v1/sites-and-pages/?per_page=30&page=9&page-builder=gutenberg
[14-Mar-2024 00:24:19 UTC] SITE: Storing in option ast-block-templates-sites-9
[14-Mar-2024 00:24:19 UTC] SITE: Completed request 9
[14-Mar-2024 00:24:19 UTC] SITE: Importing request 10 ..
[14-Mar-2024 00:24:19 UTC] SITE: https://websitedemos.net/wp-json/astra-sites/v1/sites-and-pages/?per_page=30&page=10&page-builder=gutenberg
[14-Mar-2024 00:24:19 UTC] SITE: Storing in option ast-block-templates-sites-10
[14-Mar-2024 00:24:19 UTC] SITE: Completed request 10
[14-Mar-2024 00:24:19 UTC] Sync process for Gutenberg Blocks is done.
[14-Mar-2024 00:24:19 UTC] BLOCK: Getting Server Custimizer CSS
[14-Mar-2024 00:24:19 UTC] BLOCK: https://websitedemos.net/wp-json/astra-blocks/v2/get-customizer-css
[15-Mar-2024 00:24:35 UTC] Sync process for Gutenberg Blocks has started.
[15-Mar-2024 00:24:35 UTC] CATEGORY: Storing in option ast-block-templates-categories
[15-Mar-2024 00:24:35 UTC] BLOCK: Requests count 8
[15-Mar-2024 00:24:35 UTC] BLOCK: Importing request 1 ..
[15-Mar-2024 00:24:35 UTC] BLOCK: https://websitedemos.net/wp-json/astra-blocks/v2/blocks/?page_builder=gutenberg&per_page=30&page=1&wireframe=yes
[15-Mar-2024 00:24:35 UTC] BLOCK: Storing in option ast-block-templates-blocks-1
[15-Mar-2024 00:24:36 UTC] BLOCK: Completed request 1
[15-Mar-2024 00:24:36 UTC] BLOCK: Importing request 2 ..
[15-Mar-2024 00:24:36 UTC] BLOCK: https://websitedemos.net/wp-json/astra-blocks/v2/blocks/?page_builder=gutenberg&per_page=30&page=2&wireframe=yes
[15-Mar-2024 00:24:36 UTC] BLOCK: Storing in option ast-block-templates-blocks-2
[15-Mar-2024 00:24:37 UTC] BLOCK: Completed request 2
[15-Mar-2024 00:24:37 UTC] BLOCK: Importing request 3 ..
[15-Mar-2024 00:24:37 UTC] BLOCK: https://websitedemos.net/wp-json/astra-blocks/v2/blocks/?page_builder=gutenberg&per_page=30&page=3&wireframe=yes
[15-Mar-2024 00:24:37 UTC] BLOCK: Storing in option ast-block-templates-blocks-3
[15-Mar-2024 00:24:37 UTC] BLOCK: Completed request 3
[15-Mar-2024 00:24:37 UTC] BLOCK: Importing request 4 ..
[15-Mar-2024 00:24:37 UTC] BLOCK: https://websitedemos.net/wp-json/astra-blocks/v2/blocks/?page_builder=gutenberg&per_page=30&page=4&wireframe=yes
[15-Mar-2024 00:24:37 UTC] BLOCK: Storing in option ast-block-templates-blocks-4
[15-Mar-2024 00:24:38 UTC] BLOCK: Completed request 4
[15-Mar-2024 00:24:38 UTC] BLOCK: Importing request 5 ..
[15-Mar-2024 00:24:38 UTC] BLOCK: https://websitedemos.net/wp-json/astra-blocks/v2/blocks/?page_builder=gutenberg&per_page=30&page=5&wireframe=yes
[15-Mar-2024 00:24:38 UTC] BLOCK: Storing in option ast-block-templates-blocks-5
[15-Mar-2024 00:24:38 UTC] BLOCK: Completed request 5
[15-Mar-2024 00:24:38 UTC] BLOCK: Importing request 6 ..
[15-Mar-2024 00:24:38 UTC] BLOCK: https://websitedemos.net/wp-json/astra-blocks/v2/blocks/?page_builder=gutenberg&per_page=30&page=6&wireframe=yes
[15-Mar-2024 00:24:38 UTC] BLOCK: Storing in option ast-block-templates-blocks-6
[15-Mar-2024 00:24:38 UTC] BLOCK: Completed request 6
[15-Mar-2024 00:24:38 UTC] BLOCK: Importing request 7 ..
[15-Mar-2024 00:24:38 UTC] BLOCK: https://websitedemos.net/wp-json/astra-blocks/v2/blocks/?page_builder=gutenberg&per_page=30&page=7&wireframe=yes
[15-Mar-2024 00:24:38 UTC] BLOCK: Storing in option ast-block-templates-blocks-7
[15-Mar-2024 00:24:38 UTC] BLOCK: Completed request 7
[15-Mar-2024 00:24:38 UTC] BLOCK: Importing request 8 ..
[15-Mar-2024 00:24:38 UTC] BLOCK: https://websitedemos.net/wp-json/astra-blocks/v2/blocks/?page_builder=gutenberg&per_page=30&page=8&wireframe=yes
[15-Mar-2024 00:24:38 UTC] BLOCK: Storing in option ast-block-templates-blocks-8
[15-Mar-2024 00:24:38 UTC] BLOCK: Completed request 8
[15-Mar-2024 00:24:38 UTC] SITE: Getting Total Sites
[15-Mar-2024 00:24:38 UTC] SITE: https://websitedemos.net/wp-json/astra-sites/v1/get-total-pages/?page_builder=gutenberg&per_page=30
[15-Mar-2024 00:24:38 UTC] SITE: Request count 10
[15-Mar-2024 00:24:38 UTC] SITE: Importing request 1 ..
[15-Mar-2024 00:24:38 UTC] SITE: https://websitedemos.net/wp-json/astra-sites/v1/sites-and-pages/?per_page=30&page=1&page-builder=gutenberg
[15-Mar-2024 00:24:39 UTC] SITE: Storing in option ast-block-templates-sites-1
[15-Mar-2024 00:24:39 UTC] SITE: Completed request 1
[15-Mar-2024 00:24:39 UTC] SITE: Importing request 2 ..
[15-Mar-2024 00:24:39 UTC] SITE: https://websitedemos.net/wp-json/astra-sites/v1/sites-and-pages/?per_page=30&page=2&page-builder=gutenberg
[15-Mar-2024 00:24:39 UTC] SITE: Storing in option ast-block-templates-sites-2
[15-Mar-2024 00:24:39 UTC] SITE: Completed request 2
[15-Mar-2024 00:24:39 UTC] SITE: Importing request 3 ..
[15-Mar-2024 00:24:39 UTC] SITE: https://websitedemos.net/wp-json/astra-sites/v1/sites-and-pages/?per_page=30&page=3&page-builder=gutenberg
[15-Mar-2024 00:24:39 UTC] SITE: Storing in option ast-block-templates-sites-3
[15-Mar-2024 00:24:39 UTC] SITE: Completed request 3
[15-Mar-2024 00:24:39 UTC] SITE: Importing request 4 ..
[15-Mar-2024 00:24:39 UTC] SITE: https://websitedemos.net/wp-json/astra-sites/v1/sites-and-pages/?per_page=30&page=4&page-builder=gutenberg
[15-Mar-2024 00:24:39 UTC] SITE: Storing in option ast-block-templates-sites-4
[15-Mar-2024 00:24:39 UTC] SITE: Completed request 4
[15-Mar-2024 00:24:39 UTC] SITE: Importing request 5 ..
[15-Mar-2024 00:24:39 UTC] SITE: https://websitedemos.net/wp-json/astra-sites/v1/sites-and-pages/?per_page=30&page=5&page-builder=gutenberg
[15-Mar-2024 00:24:39 UTC] SITE: Storing in option ast-block-templates-sites-5
[15-Mar-2024 00:24:39 UTC] SITE: Completed request 5
[15-Mar-2024 00:24:39 UTC] SITE: Importing request 6 ..
[15-Mar-2024 00:24:39 UTC] SITE: https://websitedemos.net/wp-json/astra-sites/v1/sites-and-pages/?per_page=30&page=6&page-builder=gutenberg
[15-Mar-2024 00:24:39 UTC] SITE: Storing in option ast-block-templates-sites-6
[15-Mar-2024 00:24:39 UTC] SITE: Completed request 6
[15-Mar-2024 00:24:39 UTC] SITE: Importing request 7 ..
[15-Mar-2024 00:24:39 UTC] SITE: https://websitedemos.net/wp-json/astra-sites/v1/sites-and-pages/?per_page=30&page=7&page-builder=gutenberg
[15-Mar-2024 00:24:39 UTC] SITE: Storing in option ast-block-templates-sites-7
[15-Mar-2024 00:24:39 UTC] SITE: Completed request 7
[15-Mar-2024 00:24:39 UTC] SITE: Importing request 8 ..
[15-Mar-2024 00:24:39 UTC] SITE: https://websitedemos.net/wp-json/astra-sites/v1/sites-and-pages/?per_page=30&page=8&page-builder=gutenberg
[15-Mar-2024 00:24:39 UTC] SITE: Storing in option ast-block-templates-sites-8
[15-Mar-2024 00:24:39 UTC] SITE: Completed request 8
[15-Mar-2024 00:24:39 UTC] SITE: Importing request 9 ..
[15-Mar-2024 00:24:39 UTC] SITE: https://websitedemos.net/wp-json/astra-sites/v1/sites-and-pages/?per_page=30&page=9&page-builder=gutenberg
[15-Mar-2024 00:24:40 UTC] SITE: Storing in option ast-block-templates-sites-9
[15-Mar-2024 00:24:40 UTC] SITE: Completed request 9
[15-Mar-2024 00:24:40 UTC] SITE: Importing request 10 ..
[15-Mar-2024 00:24:40 UTC] SITE: https://websitedemos.net/wp-json/astra-sites/v1/sites-and-pages/?per_page=30&page=10&page-builder=gutenberg
[15-Mar-2024 00:24:40 UTC] SITE: Storing in option ast-block-templates-sites-10
[15-Mar-2024 00:24:40 UTC] SITE: Completed request 10
[15-Mar-2024 00:24:40 UTC] Sync process for Gutenberg Blocks is done.
[15-Mar-2024 00:24:40 UTC] BLOCK: Getting Server Custimizer CSS
[15-Mar-2024 00:24:40 UTC] BLOCK: https://websitedemos.net/wp-json/astra-blocks/v2/get-customizer-css
[15-Mar-2024 00:36:51 UTC] PHP Warning:  Trying to access array offset on value of type bool in C:\Users\PC\Local Sites\planty\app\public\wp-content\plugins\elementor\includes\managers\image.php on line 113
[15-Mar-2024 00:36:51 UTC] PHP Warning:  Trying to access array offset on value of type bool in C:\Users\PC\Local Sites\planty\app\public\wp-content\plugins\elementor\includes\managers\image.php on line 113
[15-Mar-2024 00:36:51 UTC] PHP Warning:  Trying to access array offset on value of type bool in C:\Users\PC\Local Sites\planty\app\public\wp-content\plugins\elementor\includes\managers\image.php on line 113
[15-Mar-2024 00:36:51 UTC] PHP Warning:  Trying to access array offset on value of type bool in C:\Users\PC\Local Sites\planty\app\public\wp-content\plugins\elementor\includes\managers\image.php on line 113
[15-Mar-2024 00:36:51 UTC] PHP Warning:  Trying to access array offset on value of type bool in C:\Users\PC\Local Sites\planty\app\public\wp-content\plugins\elementor\includes\managers\image.php on line 113
[15-Mar-2024 00:36:51 UTC] PHP Warning:  Trying to access array offset on value of type bool in C:\Users\PC\Local Sites\planty\app\public\wp-content\plugins\elementor\includes\managers\image.php on line 113
[15-Mar-2024 00:36:51 UTC] PHP Warning:  Trying to access array offset on value of type bool in C:\Users\PC\Local Sites\planty\app\public\wp-content\plugins\elementor\includes\managers\image.php on line 113
[15-Mar-2024 00:36:51 UTC] PHP Warning:  Trying to access array offset on value of type bool in C:\Users\PC\Local Sites\planty\app\public\wp-content\plugins\elementor\includes\managers\image.php on line 113
[15-Mar-2024 01:45:11 UTC] PHP Warning:  Trying to access array offset on value of type bool in C:\Users\PC\Local Sites\planty\app\public\wp-content\plugins\elementor\includes\managers\image.php on line 113
[15-Mar-2024 01:45:11 UTC] PHP Warning:  Trying to access array offset on value of type bool in C:\Users\PC\Local Sites\planty\app\public\wp-content\plugins\elementor\includes\managers\image.php on line 113
[15-Mar-2024 01:45:11 UTC] PHP Warning:  Trying to access array offset on value of type bool in C:\Users\PC\Local Sites\planty\app\public\wp-content\plugins\elementor\includes\managers\image.php on line 113
[15-Mar-2024 01:45:11 UTC] PHP Warning:  Trying to access array offset on value of type bool in C:\Users\PC\Local Sites\planty\app\public\wp-content\plugins\elementor\includes\managers\image.php on line 113
[15-Mar-2024 01:45:11 UTC] PHP Warning:  Trying to access array offset on value of type bool in C:\Users\PC\Local Sites\planty\app\public\wp-content\plugins\elementor\includes\managers\image.php on line 113
[15-Mar-2024 01:45:11 UTC] PHP Warning:  Trying to access array offset on value of type bool in C:\Users\PC\Local Sites\planty\app\public\wp-content\plugins\elementor\includes\managers\image.php on line 113
[15-Mar-2024 01:45:11 UTC] PHP Warning:  Trying to access array offset on value of type bool in C:\Users\PC\Local Sites\planty\app\public\wp-content\plugins\elementor\includes\managers\image.php on line 113
[15-Mar-2024 01:45:11 UTC] PHP Warning:  Trying to access array offset on value of type bool in C:\Users\PC\Local Sites\planty\app\public\wp-content\plugins\elementor\includes\managers\image.php on line 113
[20-Mar-2024 15:14:34 UTC] Sync process for Gutenberg Blocks has started.
[20-Mar-2024 15:14:34 UTC] CATEGORY: Storing in option ast-block-templates-categories
[20-Mar-2024 15:14:34 UTC] BLOCK: Requests count 7
[20-Mar-2024 15:14:34 UTC] BLOCK: Importing request 1 ..
[20-Mar-2024 15:14:34 UTC] BLOCK: https://websitedemos.net/wp-json/astra-blocks/v2/blocks/?page_builder=gutenberg&per_page=30&page=1&wireframe=yes
[20-Mar-2024 15:14:34 UTC] BLOCK: Storing in option ast-block-templates-blocks-1
[20-Mar-2024 15:14:35 UTC] BLOCK: Completed request 1
[20-Mar-2024 15:14:35 UTC] BLOCK: Importing request 2 ..
[20-Mar-2024 15:14:35 UTC] BLOCK: https://websitedemos.net/wp-json/astra-blocks/v2/blocks/?page_builder=gutenberg&per_page=30&page=2&wireframe=yes
[20-Mar-2024 15:14:35 UTC] BLOCK: Storing in option ast-block-templates-blocks-2
[20-Mar-2024 15:14:36 UTC] BLOCK: Completed request 2
[20-Mar-2024 15:14:36 UTC] BLOCK: Importing request 3 ..
[20-Mar-2024 15:14:36 UTC] BLOCK: https://websitedemos.net/wp-json/astra-blocks/v2/blocks/?page_builder=gutenberg&per_page=30&page=3&wireframe=yes
[20-Mar-2024 15:14:36 UTC] BLOCK: Storing in option ast-block-templates-blocks-3
[20-Mar-2024 15:14:36 UTC] BLOCK: Completed request 3
[20-Mar-2024 15:14:36 UTC] BLOCK: Importing request 4 ..
[20-Mar-2024 15:14:36 UTC] BLOCK: https://websitedemos.net/wp-json/astra-blocks/v2/blocks/?page_builder=gutenberg&per_page=30&page=4&wireframe=yes
[20-Mar-2024 15:14:36 UTC] BLOCK: Storing in option ast-block-templates-blocks-4
[20-Mar-2024 15:14:36 UTC] BLOCK: Completed request 4
[20-Mar-2024 15:14:36 UTC] BLOCK: Importing request 5 ..
[20-Mar-2024 15:14:36 UTC] BLOCK: https://websitedemos.net/wp-json/astra-blocks/v2/blocks/?page_builder=gutenberg&per_page=30&page=5&wireframe=yes
[20-Mar-2024 15:14:36 UTC] BLOCK: Storing in option ast-block-templates-blocks-5
[20-Mar-2024 15:14:37 UTC] BLOCK: Completed request 5
[20-Mar-2024 15:14:37 UTC] BLOCK: Importing request 6 ..
[20-Mar-2024 15:14:37 UTC] BLOCK: https://websitedemos.net/wp-json/astra-blocks/v2/blocks/?page_builder=gutenberg&per_page=30&page=6&wireframe=yes
[20-Mar-2024 15:14:37 UTC] BLOCK: Storing in option ast-block-templates-blocks-6
[20-Mar-2024 15:14:37 UTC] BLOCK: Completed request 6
[20-Mar-2024 15:14:37 UTC] BLOCK: Importing request 7 ..
[20-Mar-2024 15:14:37 UTC] BLOCK: https://websitedemos.net/wp-json/astra-blocks/v2/blocks/?page_builder=gutenberg&per_page=30&page=7&wireframe=yes
[20-Mar-2024 15:14:37 UTC] BLOCK: Storing in option ast-block-templates-blocks-7
[20-Mar-2024 15:14:37 UTC] BLOCK: Completed request 7
[20-Mar-2024 15:14:37 UTC] SITE: Getting Total Sites
[20-Mar-2024 15:14:37 UTC] SITE: https://websitedemos.net/wp-json/astra-sites/v1/get-total-pages/?page_builder=gutenberg&per_page=30
[20-Mar-2024 15:14:37 UTC] SITE: Request count 10
[20-Mar-2024 15:14:37 UTC] SITE: Importing request 1 ..
[20-Mar-2024 15:14:37 UTC] SITE: https://websitedemos.net/wp-json/astra-sites/v1/sites-and-pages/?per_page=30&page=1&page-builder=gutenberg
[20-Mar-2024 15:14:37 UTC] SITE: Storing in option ast-block-templates-sites-1
[20-Mar-2024 15:14:37 UTC] SITE: Completed request 1
[20-Mar-2024 15:14:37 UTC] SITE: Importing request 2 ..
[20-Mar-2024 15:14:37 UTC] SITE: https://websitedemos.net/wp-json/astra-sites/v1/sites-and-pages/?per_page=30&page=2&page-builder=gutenberg
[20-Mar-2024 15:14:37 UTC] SITE: Storing in option ast-block-templates-sites-2
[20-Mar-2024 15:14:37 UTC] SITE: Completed request 2
[20-Mar-2024 15:14:37 UTC] SITE: Importing request 3 ..
[20-Mar-2024 15:14:37 UTC] SITE: https://websitedemos.net/wp-json/astra-sites/v1/sites-and-pages/?per_page=30&page=3&page-builder=gutenberg
[20-Mar-2024 15:14:37 UTC] SITE: Storing in option ast-block-templates-sites-3
[20-Mar-2024 15:14:37 UTC] SITE: Completed request 3
[20-Mar-2024 15:14:37 UTC] SITE: Importing request 4 ..
[20-Mar-2024 15:14:37 UTC] SITE: https://websitedemos.net/wp-json/astra-sites/v1/sites-and-pages/?per_page=30&page=4&page-builder=gutenberg
[20-Mar-2024 15:14:38 UTC] SITE: Storing in option ast-block-templates-sites-4
[20-Mar-2024 15:14:38 UTC] SITE: Completed request 4
[20-Mar-2024 15:14:38 UTC] SITE: Importing request 5 ..
[20-Mar-2024 15:14:38 UTC] SITE: https://websitedemos.net/wp-json/astra-sites/v1/sites-and-pages/?per_page=30&page=5&page-builder=gutenberg
[20-Mar-2024 15:14:38 UTC] SITE: Storing in option ast-block-templates-sites-5
[20-Mar-2024 15:14:38 UTC] SITE: Completed request 5
[20-Mar-2024 15:14:38 UTC] SITE: Importing request 6 ..
[20-Mar-2024 15:14:38 UTC] SITE: https://websitedemos.net/wp-json/astra-sites/v1/sites-and-pages/?per_page=30&page=6&page-builder=gutenberg
[20-Mar-2024 15:14:38 UTC] SITE: Storing in option ast-block-templates-sites-6
[20-Mar-2024 15:14:38 UTC] SITE: Completed request 6
[20-Mar-2024 15:14:38 UTC] SITE: Importing request 7 ..
[20-Mar-2024 15:14:38 UTC] SITE: https://websitedemos.net/wp-json/astra-sites/v1/sites-and-pages/?per_page=30&page=7&page-builder=gutenberg
[20-Mar-2024 15:14:38 UTC] SITE: Storing in option ast-block-templates-sites-7
[20-Mar-2024 15:14:38 UTC] SITE: Completed request 7
[20-Mar-2024 15:14:38 UTC] SITE: Importing request 8 ..
[20-Mar-2024 15:14:38 UTC] SITE: https://websitedemos.net/wp-json/astra-sites/v1/sites-and-pages/?per_page=30&page=8&page-builder=gutenberg
[20-Mar-2024 15:14:38 UTC] SITE: Storing in option ast-block-templates-sites-8
[20-Mar-2024 15:14:38 UTC] SITE: Completed request 8
[20-Mar-2024 15:14:38 UTC] SITE: Importing request 9 ..
[20-Mar-2024 15:14:38 UTC] SITE: https://websitedemos.net/wp-json/astra-sites/v1/sites-and-pages/?per_page=30&page=9&page-builder=gutenberg
[20-Mar-2024 15:14:38 UTC] SITE: Storing in option ast-block-templates-sites-9
[20-Mar-2024 15:14:38 UTC] SITE: Completed request 9
[20-Mar-2024 15:14:38 UTC] SITE: Importing request 10 ..
[20-Mar-2024 15:14:38 UTC] SITE: https://websitedemos.net/wp-json/astra-sites/v1/sites-and-pages/?per_page=30&page=10&page-builder=gutenberg
[20-Mar-2024 15:14:38 UTC] SITE: Storing in option ast-block-templates-sites-10
[20-Mar-2024 15:14:38 UTC] SITE: Completed request 10
[20-Mar-2024 15:14:38 UTC] Sync process for Gutenberg Blocks is done.
[20-Mar-2024 15:14:38 UTC] BLOCK: Getting Server Custimizer CSS
[20-Mar-2024 15:14:38 UTC] BLOCK: https://websitedemos.net/wp-json/astra-blocks/v2/get-customizer-css
[22-Mar-2024 11:30:01 UTC] Sync process for Gutenberg Blocks has started.
[22-Mar-2024 11:30:01 UTC] CATEGORY: Storing in option ast-block-templates-categories
[22-Mar-2024 11:30:01 UTC] BLOCK: Requests count 7
[22-Mar-2024 11:30:01 UTC] BLOCK: Importing request 1 ..
[22-Mar-2024 11:30:01 UTC] BLOCK: https://websitedemos.net/wp-json/astra-blocks/v2/blocks/?page_builder=gutenberg&per_page=30&page=1&wireframe=yes
[22-Mar-2024 11:30:01 UTC] BLOCK: Storing in option ast-block-templates-blocks-1
[22-Mar-2024 11:30:01 UTC] BLOCK: Completed request 1
[22-Mar-2024 11:30:01 UTC] BLOCK: Importing request 2 ..
[22-Mar-2024 11:30:01 UTC] BLOCK: https://websitedemos.net/wp-json/astra-blocks/v2/blocks/?page_builder=gutenberg&per_page=30&page=2&wireframe=yes
[22-Mar-2024 11:30:02 UTC] BLOCK: Storing in option ast-block-templates-blocks-2
[22-Mar-2024 11:30:03 UTC] BLOCK: Completed request 2
[22-Mar-2024 11:30:03 UTC] BLOCK: Importing request 3 ..
[22-Mar-2024 11:30:03 UTC] BLOCK: https://websitedemos.net/wp-json/astra-blocks/v2/blocks/?page_builder=gutenberg&per_page=30&page=3&wireframe=yes
[22-Mar-2024 11:30:03 UTC] BLOCK: Storing in option ast-block-templates-blocks-3
[22-Mar-2024 11:30:04 UTC] BLOCK: Completed request 3
[22-Mar-2024 11:30:04 UTC] BLOCK: Importing request 4 ..
[22-Mar-2024 11:30:04 UTC] BLOCK: https://websitedemos.net/wp-json/astra-blocks/v2/blocks/?page_builder=gutenberg&per_page=30&page=4&wireframe=yes
[22-Mar-2024 11:30:04 UTC] BLOCK: Storing in option ast-block-templates-blocks-4
[22-Mar-2024 11:30:04 UTC] BLOCK: Completed request 4
[22-Mar-2024 11:30:04 UTC] BLOCK: Importing request 5 ..
[22-Mar-2024 11:30:04 UTC] BLOCK: https://websitedemos.net/wp-json/astra-blocks/v2/blocks/?page_builder=gutenberg&per_page=30&page=5&wireframe=yes
[22-Mar-2024 11:30:04 UTC] BLOCK: Storing in option ast-block-templates-blocks-5
[22-Mar-2024 11:30:04 UTC] BLOCK: Completed request 5
[22-Mar-2024 11:30:04 UTC] BLOCK: Importing request 6 ..
[22-Mar-2024 11:30:04 UTC] BLOCK: https://websitedemos.net/wp-json/astra-blocks/v2/blocks/?page_builder=gutenberg&per_page=30&page=6&wireframe=yes
[22-Mar-2024 11:30:04 UTC] BLOCK: Storing in option ast-block-templates-blocks-6
[22-Mar-2024 11:30:04 UTC] BLOCK: Completed request 6
[22-Mar-2024 11:30:04 UTC] BLOCK: Importing request 7 ..
[22-Mar-2024 11:30:04 UTC] BLOCK: https://websitedemos.net/wp-json/astra-blocks/v2/blocks/?page_builder=gutenberg&per_page=30&page=7&wireframe=yes
[22-Mar-2024 11:30:05 UTC] BLOCK: Storing in option ast-block-templates-blocks-7
[22-Mar-2024 11:30:05 UTC] BLOCK: Completed request 7
[22-Mar-2024 11:30:05 UTC] SITE: Getting Total Sites
[22-Mar-2024 11:30:05 UTC] SITE: https://websitedemos.net/wp-json/astra-sites/v1/get-total-pages/?page_builder=gutenberg&per_page=30
[22-Mar-2024 11:30:05 UTC] SITE: Request count 10
[22-Mar-2024 11:30:05 UTC] SITE: Importing request 1 ..
[22-Mar-2024 11:30:05 UTC] SITE: https://websitedemos.net/wp-json/astra-sites/v1/sites-and-pages/?per_page=30&page=1&page-builder=gutenberg
[22-Mar-2024 11:30:05 UTC] SITE: Storing in option ast-block-templates-sites-1
[22-Mar-2024 11:30:05 UTC] SITE: Completed request 1
[22-Mar-2024 11:30:05 UTC] SITE: Importing request 2 ..
[22-Mar-2024 11:30:05 UTC] SITE: https://websitedemos.net/wp-json/astra-sites/v1/sites-and-pages/?per_page=30&page=2&page-builder=gutenberg
[22-Mar-2024 11:30:05 UTC] SITE: Storing in option ast-block-templates-sites-2
[22-Mar-2024 11:30:05 UTC] SITE: Completed request 2
[22-Mar-2024 11:30:05 UTC] SITE: Importing request 3 ..
[22-Mar-2024 11:30:05 UTC] SITE: https://websitedemos.net/wp-json/astra-sites/v1/sites-and-pages/?per_page=30&page=3&page-builder=gutenberg
[22-Mar-2024 11:30:05 UTC] SITE: Storing in option ast-block-templates-sites-3
[22-Mar-2024 11:30:05 UTC] SITE: Completed request 3
[22-Mar-2024 11:30:05 UTC] SITE: Importing request 4 ..
[22-Mar-2024 11:30:05 UTC] SITE: https://websitedemos.net/wp-json/astra-sites/v1/sites-and-pages/?per_page=30&page=4&page-builder=gutenberg
[22-Mar-2024 11:30:05 UTC] SITE: Storing in option ast-block-templates-sites-4
[22-Mar-2024 11:30:05 UTC] SITE: Completed request 4
[22-Mar-2024 11:30:05 UTC] SITE: Importing request 5 ..
[22-Mar-2024 11:30:05 UTC] SITE: https://websitedemos.net/wp-json/astra-sites/v1/sites-and-pages/?per_page=30&page=5&page-builder=gutenberg
[22-Mar-2024 11:30:05 UTC] SITE: Storing in option ast-block-templates-sites-5
[22-Mar-2024 11:30:05 UTC] SITE: Completed request 5
[22-Mar-2024 11:30:05 UTC] SITE: Importing request 6 ..
[22-Mar-2024 11:30:05 UTC] SITE: https://websitedemos.net/wp-json/astra-sites/v1/sites-and-pages/?per_page=30&page=6&page-builder=gutenberg
[22-Mar-2024 11:30:05 UTC] SITE: Storing in option ast-block-templates-sites-6
[22-Mar-2024 11:30:06 UTC] SITE: Completed request 6
[22-Mar-2024 11:30:06 UTC] SITE: Importing request 7 ..
[22-Mar-2024 11:30:06 UTC] SITE: https://websitedemos.net/wp-json/astra-sites/v1/sites-and-pages/?per_page=30&page=7&page-builder=gutenberg
[22-Mar-2024 11:30:06 UTC] SITE: Storing in option ast-block-templates-sites-7
[22-Mar-2024 11:30:06 UTC] SITE: Completed request 7
[22-Mar-2024 11:30:06 UTC] SITE: Importing request 8 ..
[22-Mar-2024 11:30:06 UTC] SITE: https://websitedemos.net/wp-json/astra-sites/v1/sites-and-pages/?per_page=30&page=8&page-builder=gutenberg
[22-Mar-2024 11:30:06 UTC] SITE: Storing in option ast-block-templates-sites-8
[22-Mar-2024 11:30:06 UTC] SITE: Completed request 8
[22-Mar-2024 11:30:06 UTC] SITE: Importing request 9 ..
[22-Mar-2024 11:30:06 UTC] SITE: https://websitedemos.net/wp-json/astra-sites/v1/sites-and-pages/?per_page=30&page=9&page-builder=gutenberg
[22-Mar-2024 11:30:06 UTC] SITE: Storing in option ast-block-templates-sites-9
[22-Mar-2024 11:30:06 UTC] SITE: Completed request 9
[22-Mar-2024 11:30:06 UTC] SITE: Importing request 10 ..
[22-Mar-2024 11:30:06 UTC] SITE: https://websitedemos.net/wp-json/astra-sites/v1/sites-and-pages/?per_page=30&page=10&page-builder=gutenberg
[22-Mar-2024 11:30:06 UTC] SITE: Storing in option ast-block-templates-sites-10
[22-Mar-2024 11:30:06 UTC] SITE: Completed request 10
[22-Mar-2024 11:30:06 UTC] Sync process for Gutenberg Blocks is done.
[22-Mar-2024 11:30:06 UTC] BLOCK: Getting Server Custimizer CSS
[22-Mar-2024 11:30:06 UTC] BLOCK: https://websitedemos.net/wp-json/astra-blocks/v2/get-customizer-css
[22-Mar-2024 11:30:07 UTC] Blocks are up to date.
[28-Mar-2024 16:32:32 UTC] Sync process for Gutenberg Blocks has started.
[28-Mar-2024 16:32:32 UTC] CATEGORY: Storing in option ast-block-templates-categories
[28-Mar-2024 16:32:32 UTC] BLOCK: Requests count 7
[28-Mar-2024 16:32:32 UTC] BLOCK: Importing request 1 ..
[28-Mar-2024 16:32:32 UTC] BLOCK: https://websitedemos.net/wp-json/astra-blocks/v2/blocks/?page_builder=gutenberg&per_page=30&page=1&wireframe=yes
[28-Mar-2024 16:32:32 UTC] BLOCK: Storing in option ast-block-templates-blocks-1
[28-Mar-2024 16:32:32 UTC] BLOCK: Completed request 1
[28-Mar-2024 16:32:32 UTC] BLOCK: Importing request 2 ..
[28-Mar-2024 16:32:32 UTC] BLOCK: https://websitedemos.net/wp-json/astra-blocks/v2/blocks/?page_builder=gutenberg&per_page=30&page=2&wireframe=yes
[28-Mar-2024 16:32:33 UTC] BLOCK: Storing in option ast-block-templates-blocks-2
[28-Mar-2024 16:32:33 UTC] BLOCK: Completed request 2
[28-Mar-2024 16:32:33 UTC] BLOCK: Importing request 3 ..
[28-Mar-2024 16:32:33 UTC] BLOCK: https://websitedemos.net/wp-json/astra-blocks/v2/blocks/?page_builder=gutenberg&per_page=30&page=3&wireframe=yes
[28-Mar-2024 16:32:34 UTC] BLOCK: Storing in option ast-block-templates-blocks-3
[28-Mar-2024 16:32:34 UTC] BLOCK: Completed request 3
[28-Mar-2024 16:32:34 UTC] BLOCK: Importing request 4 ..
[28-Mar-2024 16:32:34 UTC] BLOCK: https://websitedemos.net/wp-json/astra-blocks/v2/blocks/?page_builder=gutenberg&per_page=30&page=4&wireframe=yes
[28-Mar-2024 16:32:34 UTC] BLOCK: Storing in option ast-block-templates-blocks-4
[28-Mar-2024 16:32:35 UTC] BLOCK: Completed request 4
[28-Mar-2024 16:32:35 UTC] BLOCK: Importing request 5 ..
[28-Mar-2024 16:32:35 UTC] BLOCK: https://websitedemos.net/wp-json/astra-blocks/v2/blocks/?page_builder=gutenberg&per_page=30&page=5&wireframe=yes
[28-Mar-2024 16:32:35 UTC] BLOCK: Storing in option ast-block-templates-blocks-5
[28-Mar-2024 16:32:35 UTC] BLOCK: Completed request 5
[28-Mar-2024 16:32:35 UTC] BLOCK: Importing request 6 ..
[28-Mar-2024 16:32:35 UTC] BLOCK: https://websitedemos.net/wp-json/astra-blocks/v2/blocks/?page_builder=gutenberg&per_page=30&page=6&wireframe=yes
[28-Mar-2024 16:32:35 UTC] BLOCK: Storing in option ast-block-templates-blocks-6
[28-Mar-2024 16:32:35 UTC] BLOCK: Completed request 6
[28-Mar-2024 16:32:35 UTC] BLOCK: Importing request 7 ..
[28-Mar-2024 16:32:35 UTC] BLOCK: https://websitedemos.net/wp-json/astra-blocks/v2/blocks/?page_builder=gutenberg&per_page=30&page=7&wireframe=yes
[28-Mar-2024 16:32:35 UTC] BLOCK: Storing in option ast-block-templates-blocks-7
[28-Mar-2024 16:32:35 UTC] BLOCK: Completed request 7
[28-Mar-2024 16:32:35 UTC] SITE: Getting Total Sites
[28-Mar-2024 16:32:35 UTC] SITE: https://websitedemos.net/wp-json/astra-sites/v1/get-total-pages/?page_builder=gutenberg&per_page=30
[28-Mar-2024 16:32:35 UTC] SITE: Request count 10
[28-Mar-2024 16:32:35 UTC] SITE: Importing request 1 ..
[28-Mar-2024 16:32:35 UTC] SITE: https://websitedemos.net/wp-json/astra-sites/v1/sites-and-pages/?per_page=30&page=1&page-builder=gutenberg
[28-Mar-2024 16:32:35 UTC] SITE: Storing in option ast-block-templates-sites-1
[28-Mar-2024 16:32:35 UTC] SITE: Completed request 1
[28-Mar-2024 16:32:35 UTC] SITE: Importing request 2 ..
[28-Mar-2024 16:32:35 UTC] SITE: https://websitedemos.net/wp-json/astra-sites/v1/sites-and-pages/?per_page=30&page=2&page-builder=gutenberg
[28-Mar-2024 16:32:35 UTC] SITE: Storing in option ast-block-templates-sites-2
[28-Mar-2024 16:32:35 UTC] SITE: Completed request 2
[28-Mar-2024 16:32:35 UTC] SITE: Importing request 3 ..
[28-Mar-2024 16:32:35 UTC] SITE: https://websitedemos.net/wp-json/astra-sites/v1/sites-and-pages/?per_page=30&page=3&page-builder=gutenberg
[28-Mar-2024 16:32:36 UTC] SITE: Storing in option ast-block-templates-sites-3
[28-Mar-2024 16:32:36 UTC] SITE: Completed request 3
[28-Mar-2024 16:32:36 UTC] SITE: Importing request 4 ..
[28-Mar-2024 16:32:36 UTC] SITE: https://websitedemos.net/wp-json/astra-sites/v1/sites-and-pages/?per_page=30&page=4&page-builder=gutenberg
[28-Mar-2024 16:32:36 UTC] SITE: Storing in option ast-block-templates-sites-4
[28-Mar-2024 16:32:36 UTC] SITE: Completed request 4
[28-Mar-2024 16:32:36 UTC] SITE: Importing request 5 ..
[28-Mar-2024 16:32:36 UTC] SITE: https://websitedemos.net/wp-json/astra-sites/v1/sites-and-pages/?per_page=30&page=5&page-builder=gutenberg
[28-Mar-2024 16:32:36 UTC] SITE: Storing in option ast-block-templates-sites-5
[28-Mar-2024 16:32:36 UTC] SITE: Completed request 5
[28-Mar-2024 16:32:36 UTC] SITE: Importing request 6 ..
[28-Mar-2024 16:32:36 UTC] SITE: https://websitedemos.net/wp-json/astra-sites/v1/sites-and-pages/?per_page=30&page=6&page-builder=gutenberg
[28-Mar-2024 16:32:36 UTC] SITE: Storing in option ast-block-templates-sites-6
[28-Mar-2024 16:32:36 UTC] SITE: Completed request 6
[28-Mar-2024 16:32:36 UTC] SITE: Importing request 7 ..
[28-Mar-2024 16:32:36 UTC] SITE: https://websitedemos.net/wp-json/astra-sites/v1/sites-and-pages/?per_page=30&page=7&page-builder=gutenberg
[28-Mar-2024 16:32:36 UTC] SITE: Storing in option ast-block-templates-sites-7
[28-Mar-2024 16:32:36 UTC] SITE: Completed request 7
[28-Mar-2024 16:32:36 UTC] SITE: Importing request 8 ..
[28-Mar-2024 16:32:36 UTC] SITE: https://websitedemos.net/wp-json/astra-sites/v1/sites-and-pages/?per_page=30&page=8&page-builder=gutenberg
[28-Mar-2024 16:32:36 UTC] SITE: Storing in option ast-block-templates-sites-8
[28-Mar-2024 16:32:36 UTC] SITE: Completed request 8
[28-Mar-2024 16:32:36 UTC] SITE: Importing request 9 ..
[28-Mar-2024 16:32:36 UTC] SITE: https://websitedemos.net/wp-json/astra-sites/v1/sites-and-pages/?per_page=30&page=9&page-builder=gutenberg
[28-Mar-2024 16:32:36 UTC] SITE: Storing in option ast-block-templates-sites-9
[28-Mar-2024 16:32:36 UTC] SITE: Completed request 9
[28-Mar-2024 16:32:36 UTC] SITE: Importing request 10 ..
[28-Mar-2024 16:32:36 UTC] SITE: https://websitedemos.net/wp-json/astra-sites/v1/sites-and-pages/?per_page=30&page=10&page-builder=gutenberg
[28-Mar-2024 16:32:36 UTC] SITE: Storing in option ast-block-templates-sites-10
[28-Mar-2024 16:32:36 UTC] SITE: Completed request 10
[28-Mar-2024 16:32:36 UTC] Sync process for Gutenberg Blocks is done.
[28-Mar-2024 16:32:36 UTC] BLOCK: Getting Server Custimizer CSS
[28-Mar-2024 16:32:36 UTC] BLOCK: https://websitedemos.net/wp-json/astra-blocks/v2/get-customizer-css
[05-Apr-2024 05:40:04 UTC] PHP Parse error:  syntax error, unexpected token "}" in C:\Users\PC\Local Sites\planty\app\public\wp-content\themes\astra-child\functions.php on line 30
[05-Apr-2024 05:40:04 UTC] PHP Warning:  Trying to access array offset on value of type bool in C:\Users\PC\Local Sites\planty\app\public\wp-includes\class-wp-recovery-mode-email-service.php on line 367
[05-Apr-2024 05:40:04 UTC] PHP Warning:  Trying to access array offset on value of type bool in C:\Users\PC\Local Sites\planty\app\public\wp-includes\class-wp-recovery-mode-email-service.php on line 368
[05-Apr-2024 05:40:19 UTC] PHP Parse error:  syntax error, unexpected token "}" in C:\Users\PC\Local Sites\planty\app\public\wp-content\themes\astra-child\functions.php on line 30
[05-Apr-2024 05:42:20 UTC] PHP Parse error:  syntax error, unexpected token "}" in C:\Users\PC\Local Sites\planty\app\public\wp-content\themes\astra-child\functions.php on line 30
[05-Apr-2024 05:44:21 UTC] PHP Parse error:  syntax error, unexpected token "}" in C:\Users\PC\Local Sites\planty\app\public\wp-content\themes\astra-child\functions.php on line 30
[05-Apr-2024 05:46:22 UTC] PHP Parse error:  syntax error, unexpected token "}" in C:\Users\PC\Local Sites\planty\app\public\wp-content\themes\astra-child\functions.php on line 30
[05-Apr-2024 05:47:34 UTC] PHP Parse error:  syntax error, unexpected token "}" in C:\Users\PC\Local Sites\planty\app\public\wp-content\themes\astra-child\functions.php on line 30
[05-Apr-2024 05:47:50 UTC] PHP Parse error:  syntax error, unexpected token "}" in C:\Users\PC\Local Sites\planty\app\public\wp-content\themes\astra-child\functions.php on line 30
[05-Apr-2024 05:49:19 UTC] PHP Parse error:  syntax error, unexpected token "}" in C:\Users\PC\Local Sites\planty\app\public\wp-content\themes\astra-child\functions.php on line 30
[05-Apr-2024 05:49:25 UTC] PHP Parse error:  syntax error, unexpected token "}" in C:\Users\PC\Local Sites\planty\app\public\wp-content\themes\astra-child\functions.php on line 30
[05-Apr-2024 05:49:31 UTC] PHP Parse error:  syntax error, unexpected token "}" in C:\Users\PC\Local Sites\planty\app\public\wp-content\themes\astra-child\functions.php on line 30
[05-Apr-2024 05:49:32 UTC] PHP Parse error:  syntax error, unexpected token "}" in C:\Users\PC\Local Sites\planty\app\public\wp-content\themes\astra-child\functions.php on line 30
[05-Apr-2024 05:49:33 UTC] PHP Parse error:  syntax error, unexpected token "}" in C:\Users\PC\Local Sites\planty\app\public\wp-content\themes\astra-child\functions.php on line 30
[05-Apr-2024 06:02:24 UTC] PHP Fatal error:  Uncaught TypeError: call_user_func_array(): Argument #1 ($callback) must be a valid callback, function "add_theme_scripts" not found or invalid function name in C:\Users\PC\Local Sites\planty\app\public\wp-includes\class-wp-hook.php:324
Stack trace:
#0 C:\Users\PC\Local Sites\planty\app\public\wp-includes\class-wp-hook.php(348): WP_Hook->apply_filters(NULL, Array)
#1 C:\Users\PC\Local Sites\planty\app\public\wp-includes\plugin.php(517): WP_Hook->do_action(Array)
#2 C:\Users\PC\Local Sites\planty\app\public\wp-includes\script-loader.php(2265): do_action('wp_enqueue_scri...')
#3 C:\Users\PC\Local Sites\planty\app\public\wp-includes\class-wp-hook.php(324): wp_enqueue_scripts('')
#4 C:\Users\PC\Local Sites\planty\app\public\wp-includes\class-wp-hook.php(348): WP_Hook->apply_filters(NULL, Array)
#5 C:\Users\PC\Local Sites\planty\app\public\wp-includes\plugin.php(517): WP_Hook->do_action(Array)
#6 C:\Users\PC\Local Sites\planty\app\public\wp-includes\general-template.php(3050): do_action('wp_head')
#7 C:\Users\PC\Local Sites\planty\app\public\wp-content\themes\astra\header.php(31): wp_head()
#8 C:\Users\PC\Local Sites\planty\app\public\wp-includes\template.php(810): require_once('C:\\Users\\PC\\Loc...')
#9 C:\Users\PC\Local Sites\planty\app\public\wp-includes\template.php(745): load_template('C:\\Users\\PC\\Loc...', true, Array)
#10 C:\Users\PC\Local Sites\planty\app\public\wp-includes\general-template.php(48): locate_template(Array, true, true, Array)
#11 C:\Users\PC\Local Sites\planty\app\public\wp-content\themes\astra\page.php(20): get_header()
#12 C:\Users\PC\Local Sites\planty\app\public\wp-includes\template-loader.php(106): include('C:\\Users\\PC\\Loc...')
#13 C:\Users\PC\Local Sites\planty\app\public\wp-blog-header.php(19): require_once('C:\\Users\\PC\\Loc...')
#14 C:\Users\PC\Local Sites\planty\app\public\index.php(17): require('C:\\Users\\PC\\Loc...')
#15 {main}
  thrown in C:\Users\PC\Local Sites\planty\app\public\wp-includes\class-wp-hook.php on line 324
[05-Apr-2024 09:58:29 UTC] PHP Fatal error:  Uncaught TypeError: call_user_func_array(): Argument #1 ($callback) must be a valid callback, function "add_theme_scripts" not found or invalid function name in C:\Users\PC\Local Sites\planty\app\public\wp-includes\class-wp-hook.php:324
Stack trace:
#0 C:\Users\PC\Local Sites\planty\app\public\wp-includes\class-wp-hook.php(348): WP_Hook->apply_filters(NULL, Array)
#1 C:\Users\PC\Local Sites\planty\app\public\wp-includes\plugin.php(517): WP_Hook->do_action(Array)
#2 C:\Users\PC\Local Sites\planty\app\public\wp-includes\script-loader.php(2265): do_action('wp_enqueue_scri...')
#3 C:\Users\PC\Local Sites\planty\app\public\wp-includes\class-wp-hook.php(324): wp_enqueue_scripts('')
#4 C:\Users\PC\Local Sites\planty\app\public\wp-includes\class-wp-hook.php(348): WP_Hook->apply_filters(NULL, Array)
#5 C:\Users\PC\Local Sites\planty\app\public\wp-includes\plugin.php(517): WP_Hook->do_action(Array)
#6 C:\Users\PC\Local Sites\planty\app\public\wp-includes\general-template.php(3050): do_action('wp_head')
#7 C:\Users\PC\Local Sites\planty\app\public\wp-content\themes\astra\header.php(31): wp_head()
#8 C:\Users\PC\Local Sites\planty\app\public\wp-includes\template.php(810): require_once('C:\\Users\\PC\\Loc...')
#9 C:\Users\PC\Local Sites\planty\app\public\wp-includes\template.php(745): load_template('C:\\Users\\PC\\Loc...', true, Array)
#10 C:\Users\PC\Local Sites\planty\app\public\wp-includes\general-template.php(48): locate_template(Array, true, true, Array)
#11 C:\Users\PC\Local Sites\planty\app\public\wp-content\themes\astra\page.php(20): get_header()
#12 C:\Users\PC\Local Sites\planty\app\public\wp-includes\template-loader.php(106): include('C:\\Users\\PC\\Loc...')
#13 C:\Users\PC\Local Sites\planty\app\public\wp-blog-header.php(19): require_once('C:\\Users\\PC\\Loc...')
#14 C:\Users\PC\Local Sites\planty\app\public\index.php(17): require('C:\\Users\\PC\\Loc...')
#15 {main}
  thrown in C:\Users\PC\Local Sites\planty\app\public\wp-includes\class-wp-hook.php on line 324
[05-Apr-2024 10:02:42 UTC] PHP Fatal error:  Uncaught TypeError: call_user_func_array(): Argument #1 ($callback) must be a valid callback, function "add_theme_scripts" not found or invalid function name in C:\Users\PC\Local Sites\planty\app\public\wp-includes\class-wp-hook.php:324
Stack trace:
#0 C:\Users\PC\Local Sites\planty\app\public\wp-includes\class-wp-hook.php(348): WP_Hook->apply_filters(NULL, Array)
#1 C:\Users\PC\Local Sites\planty\app\public\wp-includes\plugin.php(517): WP_Hook->do_action(Array)
#2 C:\Users\PC\Local Sites\planty\app\public\wp-includes\script-loader.php(2265): do_action('wp_enqueue_scri...')
#3 C:\Users\PC\Local Sites\planty\app\public\wp-includes\class-wp-hook.php(324): wp_enqueue_scripts('')
#4 C:\Users\PC\Local Sites\planty\app\public\wp-includes\class-wp-hook.php(348): WP_Hook->apply_filters(NULL, Array)
#5 C:\Users\PC\Local Sites\planty\app\public\wp-includes\plugin.php(517): WP_Hook->do_action(Array)
#6 C:\Users\PC\Local Sites\planty\app\public\wp-includes\general-template.php(3050): do_action('wp_head')
#7 C:\Users\PC\Local Sites\planty\app\public\wp-content\themes\astra\header.php(31): wp_head()
#8 C:\Users\PC\Local Sites\planty\app\public\wp-includes\template.php(810): require_once('C:\\Users\\PC\\Loc...')
#9 C:\Users\PC\Local Sites\planty\app\public\wp-includes\template.php(745): load_template('C:\\Users\\PC\\Loc...', true, Array)
#10 C:\Users\PC\Local Sites\planty\app\public\wp-includes\general-template.php(48): locate_template(Array, true, true, Array)
#11 C:\Users\PC\Local Sites\planty\app\public\wp-content\themes\astra\page.php(20): get_header()
#12 C:\Users\PC\Local Sites\planty\app\public\wp-includes\template-loader.php(106): include('C:\\Users\\PC\\Loc...')
#13 C:\Users\PC\Local Sites\planty\app\public\wp-blog-header.php(19): require_once('C:\\Users\\PC\\Loc...')
#14 C:\Users\PC\Local Sites\planty\app\public\index.php(17): require('C:\\Users\\PC\\Loc...')
#15 {main}
  thrown in C:\Users\PC\Local Sites\planty\app\public\wp-includes\class-wp-hook.php on line 324
[05-Apr-2024 10:32:05 UTC] PHP Parse error:  syntax error, unexpected token "return" in C:\Users\PC\Local Sites\planty\app\public\wp-content\themes\astra-child\functions.php on line 33
[05-Apr-2024 10:32:21 UTC] PHP Parse error:  syntax error, unexpected token "return" in C:\Users\PC\Local Sites\planty\app\public\wp-content\themes\astra-child\functions.php on line 33
[05-Apr-2024 10:32:29 UTC] PHP Parse error:  syntax error, unexpected token "}" in C:\Users\PC\Local Sites\planty\app\public\wp-content\themes\astra-child\functions.php on line 34
[05-Apr-2024 10:32:39 UTC] PHP Parse error:  syntax error, unexpected token "}" in C:\Users\PC\Local Sites\planty\app\public\wp-content\themes\astra-child\functions.php on line 34
[05-Apr-2024 10:32:54 UTC] PHP Parse error:  syntax error, unexpected token "}" in C:\Users\PC\Local Sites\planty\app\public\wp-content\themes\astra-child\functions.php on line 34
[05-Apr-2024 10:33:07 UTC] PHP Parse error:  syntax error, unexpected token "}" in C:\Users\PC\Local Sites\planty\app\public\wp-content\themes\astra-child\functions.php on line 34
[05-Apr-2024 10:33:17 UTC] PHP Parse error:  syntax error, unexpected token "}" in C:\Users\PC\Local Sites\planty\app\public\wp-content\themes\astra-child\functions.php on line 33
[05-Apr-2024 10:33:18 UTC] PHP Parse error:  syntax error, unexpected token "}" in C:\Users\PC\Local Sites\planty\app\public\wp-content\themes\astra-child\functions.php on line 33
[05-Apr-2024 10:33:20 UTC] PHP Parse error:  syntax error, unexpected token "}" in C:\Users\PC\Local Sites\planty\app\public\wp-content\themes\astra-child\functions.php on line 33
[05-Apr-2024 10:33:20 UTC] PHP Parse error:  syntax error, unexpected token "}" in C:\Users\PC\Local Sites\planty\app\public\wp-content\themes\astra-child\functions.php on line 33
[05-Apr-2024 10:33:39 UTC] PHP Parse error:  syntax error, unexpected token "}" in C:\Users\PC\Local Sites\planty\app\public\wp-content\themes\astra-child\functions.php on line 33
[05-Apr-2024 10:33:55 UTC] PHP Parse error:  syntax error, unexpected token "}" in C:\Users\PC\Local Sites\planty\app\public\wp-content\themes\astra-child\functions.php on line 33
[05-Apr-2024 10:34:22 UTC] PHP Parse error:  syntax error, unexpected token "}" in C:\Users\PC\Local Sites\planty\app\public\wp-content\themes\astra-child\functions.php on line 33
[05-Apr-2024 10:34:39 UTC] PHP Parse error:  syntax error, unexpected token "}" in C:\Users\PC\Local Sites\planty\app\public\wp-content\themes\astra-child\functions.php on line 33
[05-Apr-2024 10:34:56 UTC] PHP Parse error:  syntax error, unexpected token "}" in C:\Users\PC\Local Sites\planty\app\public\wp-content\themes\astra-child\functions.php on line 33
[11-Apr-2024 21:53:38 UTC] PHP Warning:  Undefined variable $args in C:\Users\PC\Local Sites\planty\app\public\wp-content\themes\astra-child\functions.php on line 38
[11-Apr-2024 21:53:38 UTC] PHP Warning:  Attempt to read property "theme_location" on null in C:\Users\PC\Local Sites\planty\app\public\wp-content\themes\astra-child\functions.php on line 38
[11-Apr-2024 21:53:38 UTC] PHP Warning:  Undefined variable $items in C:\Users\PC\Local Sites\planty\app\public\wp-content\themes\astra-child\functions.php on line 55
[11-Apr-2024 21:53:45 UTC] PHP Warning:  Undefined variable $args in C:\Users\PC\Local Sites\planty\app\public\wp-content\themes\astra-child\functions.php on line 38
[11-Apr-2024 21:53:45 UTC] PHP Warning:  Attempt to read property "theme_location" on null in C:\Users\PC\Local Sites\planty\app\public\wp-content\themes\astra-child\functions.php on line 38
[11-Apr-2024 21:53:45 UTC] PHP Warning:  Undefined variable $items in C:\Users\PC\Local Sites\planty\app\public\wp-content\themes\astra-child\functions.php on line 55
[11-Apr-2024 21:55:46 UTC] PHP Warning:  Undefined variable $args in C:\Users\PC\Local Sites\planty\app\public\wp-content\themes\astra-child\functions.php on line 38
[11-Apr-2024 21:55:46 UTC] PHP Warning:  Attempt to read property "theme_location" on null in C:\Users\PC\Local Sites\planty\app\public\wp-content\themes\astra-child\functions.php on line 38
[11-Apr-2024 21:55:46 UTC] PHP Warning:  Undefined variable $items in C:\Users\PC\Local Sites\planty\app\public\wp-content\themes\astra-child\functions.php on line 55
[11-Apr-2024 21:55:47 UTC] PHP Warning:  Undefined variable $items in C:\Users\PC\Local Sites\planty\app\public\wp-content\themes\astra-child\functions.php on line 55
[11-Apr-2024 21:55:50 UTC] PHP Warning:  Undefined variable $args in C:\Users\PC\Local Sites\planty\app\public\wp-content\themes\astra-child\functions.php on line 38
[11-Apr-2024 21:55:50 UTC] PHP Warning:  Attempt to read property "theme_location" on null in C:\Users\PC\Local Sites\planty\app\public\wp-content\themes\astra-child\functions.php on line 38
[11-Apr-2024 21:55:50 UTC] PHP Warning:  Undefined variable $items in C:\Users\PC\Local Sites\planty\app\public\wp-content\themes\astra-child\functions.php on line 55
[11-Apr-2024 21:57:46 UTC] PHP Warning:  Undefined variable $args in C:\Users\PC\Local Sites\planty\app\public\wp-content\themes\astra-child\functions.php on line 38
[11-Apr-2024 21:57:46 UTC] PHP Warning:  Attempt to read property "theme_location" on null in C:\Users\PC\Local Sites\planty\app\public\wp-content\themes\astra-child\functions.php on line 38
[11-Apr-2024 21:57:46 UTC] PHP Warning:  Undefined variable $items in C:\Users\PC\Local Sites\planty\app\public\wp-content\themes\astra-child\functions.php on line 55
[11-Apr-2024 21:57:48 UTC] PHP Warning:  Undefined variable $items in C:\Users\PC\Local Sites\planty\app\public\wp-content\themes\astra-child\functions.php on line 55
[11-Apr-2024 21:57:51 UTC] PHP Warning:  Undefined variable $args in C:\Users\PC\Local Sites\planty\app\public\wp-content\themes\astra-child\functions.php on line 38
[11-Apr-2024 21:57:51 UTC] PHP Warning:  Attempt to read property "theme_location" on null in C:\Users\PC\Local Sites\planty\app\public\wp-content\themes\astra-child\functions.php on line 38
[11-Apr-2024 21:57:51 UTC] PHP Warning:  Undefined variable $items in C:\Users\PC\Local Sites\planty\app\public\wp-content\themes\astra-child\functions.php on line 55
[11-Apr-2024 21:59:47 UTC] PHP Warning:  Undefined variable $args in C:\Users\PC\Local Sites\planty\app\public\wp-content\themes\astra-child\functions.php on line 38
[11-Apr-2024 21:59:47 UTC] PHP Warning:  Attempt to read property "theme_location" on null in C:\Users\PC\Local Sites\planty\app\public\wp-content\themes\astra-child\functions.php on line 38
[11-Apr-2024 21:59:47 UTC] PHP Warning:  Undefined variable $items in C:\Users\PC\Local Sites\planty\app\public\wp-content\themes\astra-child\functions.php on line 55
[11-Apr-2024 21:59:49 UTC] PHP Warning:  Undefined variable $items in C:\Users\PC\Local Sites\planty\app\public\wp-content\themes\astra-child\functions.php on line 55
[11-Apr-2024 21:59:52 UTC] PHP Warning:  Undefined variable $args in C:\Users\PC\Local Sites\planty\app\public\wp-content\themes\astra-child\functions.php on line 38
[11-Apr-2024 21:59:52 UTC] PHP Warning:  Attempt to read property "theme_location" on null in C:\Users\PC\Local Sites\planty\app\public\wp-content\themes\astra-child\functions.php on line 38
[11-Apr-2024 21:59:52 UTC] PHP Warning:  Undefined variable $items in C:\Users\PC\Local Sites\planty\app\public\wp-content\themes\astra-child\functions.php on line 55
[11-Apr-2024 22:01:49 UTC] PHP Warning:  Undefined variable $args in C:\Users\PC\Local Sites\planty\app\public\wp-content\themes\astra-child\functions.php on line 38
[11-Apr-2024 22:01:49 UTC] PHP Warning:  Attempt to read property "theme_location" on null in C:\Users\PC\Local Sites\planty\app\public\wp-content\themes\astra-child\functions.php on line 38
[11-Apr-2024 22:01:49 UTC] PHP Warning:  Undefined variable $items in C:\Users\PC\Local Sites\planty\app\public\wp-content\themes\astra-child\functions.php on line 55
[11-Apr-2024 22:01:51 UTC] PHP Warning:  Undefined variable $items in C:\Users\PC\Local Sites\planty\app\public\wp-content\themes\astra-child\functions.php on line 55
[11-Apr-2024 22:01:53 UTC] PHP Warning:  Undefined variable $args in C:\Users\PC\Local Sites\planty\app\public\wp-content\themes\astra-child\functions.php on line 38
[11-Apr-2024 22:01:53 UTC] PHP Warning:  Attempt to read property "theme_location" on null in C:\Users\PC\Local Sites\planty\app\public\wp-content\themes\astra-child\functions.php on line 38
[11-Apr-2024 22:01:53 UTC] PHP Warning:  Undefined variable $items in C:\Users\PC\Local Sites\planty\app\public\wp-content\themes\astra-child\functions.php on line 55
[11-Apr-2024 22:03:50 UTC] PHP Warning:  Undefined variable $args in C:\Users\PC\Local Sites\planty\app\public\wp-content\themes\astra-child\functions.php on line 38
[11-Apr-2024 22:03:50 UTC] PHP Warning:  Attempt to read property "theme_location" on null in C:\Users\PC\Local Sites\planty\app\public\wp-content\themes\astra-child\functions.php on line 38
[11-Apr-2024 22:03:50 UTC] PHP Warning:  Undefined variable $items in C:\Users\PC\Local Sites\planty\app\public\wp-content\themes\astra-child\functions.php on line 55
[11-Apr-2024 22:03:52 UTC] PHP Warning:  Undefined variable $items in C:\Users\PC\Local Sites\planty\app\public\wp-content\themes\astra-child\functions.php on line 55
[11-Apr-2024 22:03:54 UTC] PHP Warning:  Undefined variable $args in C:\Users\PC\Local Sites\planty\app\public\wp-content\themes\astra-child\functions.php on line 38
[11-Apr-2024 22:03:54 UTC] PHP Warning:  Attempt to read property "theme_location" on null in C:\Users\PC\Local Sites\planty\app\public\wp-content\themes\astra-child\functions.php on line 38
[11-Apr-2024 22:03:54 UTC] PHP Warning:  Undefined variable $items in C:\Users\PC\Local Sites\planty\app\public\wp-content\themes\astra-child\functions.php on line 55
